#
# There is insufficient memory for the Java Runtime Environment to continue.
# Native memory allocation (mmap) failed to map 130023424 bytes for Failed to commit area from 0x0000000085000000 to 0x000000008cc00000 of length 130023424.
# Possible reasons:
#   The system is out of physical RAM or swap space
#   The process is running with CompressedOops enabled, and the Java Heap may be blocking the growth of the native heap
# Possible solutions:
#   Reduce memory load on the system
#   Increase physical memory or swap space
#   Check if swap backing store is full
#   Decrease Java heap size (-Xmx/-Xms)
#   Decrease number of Java threads
#   Decrease Java thread stack sizes (-Xss)
#   Set larger code cache with -XX:ReservedCodeCacheSize=
# This output file may be truncated or incomplete.
#
#  Out of Memory Error (t:/workspace/open/src/hotspot/os/windows/os_windows.cpp:3269), pid=664, tid=3224
#
# JRE version:  (11.0.2+9) (build )
# Java VM: OpenJDK 64-Bit Server VM (11.0.2+9, mixed mode, aot, sharing, tiered, compressed oops, g1 gc, windows-amd64)
# No core dump will be written. Minidumps are not enabled by default on client versions of Windows
#

---------------  S U M M A R Y ------------

Command Line: -ea -Didea.test.cyclic.buffer.size=1048576 -javaagent:C:\opt\IntelliJ\lib\idea_rt.jar=50197:C:\opt\IntelliJ\bin -Dfile.encoding=UTF-8 com.intellij.rt.junit.JUnitStarter -ideVersion5 -junit5 com.heinzelman.pdf_repo.controller.ProjectServiceTest,joinArrayOfPDF_test

Host: Intel(R) Core(TM) i5-3320M CPU @ 2.60GHz, 4 cores, 7G,  Windows 10 , 64 bit Build 19041 (10.0.19041.662)
Time: Thu Jul 29 22:52:08 2021 Œrodkowoeuropejski czas letni elapsed time: 0 seconds (0d 0h 0m 0s)

---------------  T H R E A D  ---------------

Current thread (0x0000028b73ad7000):  JavaThread "Unknown thread" [_thread_in_vm, id=3224, stack(0x000000aa05900000,0x000000aa05a00000)]

Stack: [0x000000aa05900000,0x000000aa05a00000]
Native frames: (J=compiled Java code, j=interpreted, Vv=VM code, C=native code)
V  [jvm.dll+0x63489a]
V  [jvm.dll+0x771f9f]
V  [jvm.dll+0x773648]
V  [jvm.dll+0x773d03]
V  [jvm.dll+0x25eba8]
V  [jvm.dll+0x631d3a]
V  [jvm.dll+0x626775]
V  [jvm.dll+0x313ffc]
V  [jvm.dll+0x313e82]
V  [jvm.dll+0x3196e6]
V  [jvm.dll+0x36579f]
V  [jvm.dll+0x3651c0]
V  [jvm.dll+0x2f0ff8]
V  [jvm.dll+0x2f2156]
V  [jvm.dll+0x74b4f7]
V  [jvm.dll+0x74cc3f]
V  [jvm.dll+0x372609]
V  [jvm.dll+0x731b69]
V  [jvm.dll+0x3e1bad]
V  [jvm.dll+0x3e3e81]
C  [java.exe+0x3607]
C  [java.exe+0x1746c]
C  [KERNEL32.DLL+0x17034]
C  [ntdll.dll+0x4d0d1]


---------------  P R O C E S S  ---------------

Threads class SMR info:
_java_thread_list=0x0000028b7210e890, length=0, elements={
}

Java Threads: ( => current thread )

Other Threads:
  0x0000028b73aed800 GCTaskThread "GC Thread#0" [stack: 0x000000aa05b00000,0x000000aa05c00000] [id=252]
  0x0000028b73b1d800 ConcurrentGCThread "G1 Main Marker" [stack: 0x000000aa05c00000,0x000000aa05d00000] [id=5124]
  0x0000028b73b1f800 ConcurrentGCThread "G1 Conc#0" [stack: 0x000000aa05d00000,0x000000aa05e00000] [id=5084]

[error occurred during error reporting (printing all threads), id 0xc0000005, EXCEPTION_ACCESS_VIOLATION (0xc0000005) at pc=0x00007ffc874cf5b7]

VM state:not at safepoint (not fully initialized)

VM Mutex/Monitor currently owned by a thread:  ([mutex/lock_event])
[0x0000028b73ad4f00] Heap_lock - owner thread: 0x0000028b73ad7000

Heap address: 0x0000000085000000, size: 1968 MB, Compressed Oops mode: Non-zero based: 0x0000000085000000
Narrow klass base: 0x0000000000000000, Narrow klass shift: 0

GC Heap History (0 events):
No events

Deoptimization events (0 events):
No events

Classes redefined (0 events):
No events

Internal exceptions (0 events):
No events

Events (0 events):
No events


Dynamic libraries:
0x00007ff74a670000 - 0x00007ff74a6b5000 	C:\opt\jdk-11.0.2\bin\java.exe
0x00007ffcbc2d0000 - 0x00007ffcbc4c6000 	C:\Windows\SYSTEM32\ntdll.dll
0x00007ffcba470000 - 0x00007ffcba52d000 	C:\Windows\System32\KERNEL32.DLL
0x00007ffcb9ea0000 - 0x00007ffcba169000 	C:\Windows\System32\KERNELBASE.dll
0x00007ffcbaa50000 - 0x00007ffcbabf0000 	C:\Windows\System32\USER32.dll
0x00007ffcba170000 - 0x00007ffcba192000 	C:\Windows\System32\win32u.dll
0x00007ffcbc230000 - 0x00007ffcbc25a000 	C:\Windows\System32\GDI32.dll
0x00007ffcba1f0000 - 0x00007ffcba2fb000 	C:\Windows\System32\gdi32full.dll
0x00007ffcb9da0000 - 0x00007ffcb9e3d000 	C:\Windows\System32\msvcp_win.dll
0x00007ffcb9ca0000 - 0x00007ffcb9da0000 	C:\Windows\System32\ucrtbase.dll
0x00007ffca0490000 - 0x00007ffca072b000 	C:\Windows\WinSxS\amd64_microsoft.windows.common-controls_6595b64144ccf1df_6.0.19041.746_none_ca02b4b61b8320a4\COMCTL32.dll
0x00007ffcbc190000 - 0x00007ffcbc22e000 	C:\Windows\System32\msvcrt.dll
0x00007ffcbc260000 - 0x00007ffcbc290000 	C:\Windows\System32\IMM32.DLL
0x00007ffcb4030000 - 0x00007ffcb4046000 	C:\opt\jdk-11.0.2\bin\vcruntime140.dll
0x00007ffc93d60000 - 0x00007ffc93e0a000 	C:\opt\jdk-11.0.2\bin\msvcp140.dll
0x00007ffc871d0000 - 0x00007ffc87cf3000 	C:\opt\jdk-11.0.2\bin\server\jvm.dll
0x00007ffcba8f0000 - 0x00007ffcba99c000 	C:\Windows\System32\ADVAPI32.dll
0x00007ffcbb460000 - 0x00007ffcbb4fc000 	C:\Windows\System32\sechost.dll
0x00007ffcba7c0000 - 0x00007ffcba8eb000 	C:\Windows\System32\RPCRT4.dll
0x00007ffcba6e0000 - 0x00007ffcba6e8000 	C:\Windows\System32\PSAPI.DLL
0x00007ffcb6db0000 - 0x00007ffcb6db9000 	C:\Windows\SYSTEM32\WSOCK32.dll
0x00007ffcbb9b0000 - 0x00007ffcbba1b000 	C:\Windows\System32\WS2_32.dll
0x00007ffcb0c40000 - 0x00007ffcb0c67000 	C:\Windows\SYSTEM32\WINMM.dll
0x00007ffcac200000 - 0x00007ffcac20a000 	C:\Windows\SYSTEM32\VERSION.dll
0x00007ffcb7a00000 - 0x00007ffcb7a12000 	C:\Windows\SYSTEM32\kernel.appcore.dll
0x00007ffc9f240000 - 0x00007ffc9f251000 	C:\opt\jdk-11.0.2\bin\verify.dll
0x00007ffcb6fb0000 - 0x00007ffcb7194000 	C:\Windows\SYSTEM32\DBGHELP.DLL
0x00007ffcb3f90000 - 0x00007ffcb3fbc000 	C:\Windows\SYSTEM32\dbgcore.DLL
0x00007ffcb9c20000 - 0x00007ffcb9ca0000 	C:\Windows\System32\bcryptPrimitives.dll
0x00007ffc9f210000 - 0x00007ffc9f238000 	C:\opt\jdk-11.0.2\bin\java.dll
0x00007ffc93b10000 - 0x00007ffc93b3f000 	C:\opt\jdk-11.0.2\bin\instrument.dll
0x00007ffc99da0000 - 0x00007ffc99db6000 	C:\opt\jdk-11.0.2\bin\zip.dll
0x00007ffcb4020000 - 0x00007ffcb402a000 	C:\opt\jdk-11.0.2\bin\jimage.dll

dbghelp: loaded successfully - version: 4.0.5 - missing functions: none
symbol engine: initialized successfully - sym options: 0x614 - pdb path: .;C:\opt\jdk-11.0.2\bin;C:\Windows\SYSTEM32;C:\Windows\WinSxS\amd64_microsoft.windows.common-controls_6595b64144ccf1df_6.0.19041.746_none_ca02b4b61b8320a4;C:\opt\jdk-11.0.2\bin\server

VM Arguments:
jvm_args: -ea -Didea.test.cyclic.buffer.size=1048576 -javaagent:C:\opt\IntelliJ\lib\idea_rt.jar=50197:C:\opt\IntelliJ\bin -Dfile.encoding=UTF-8 
java_command: com.intellij.rt.junit.JUnitStarter -ideVersion5 -junit5 com.heinzelman.pdf_repo.controller.ProjectServiceTest,joinArrayOfPDF_test
java_class_path (initial): C:\opt\IntelliJ\lib\idea_rt.jar;C:\Users\admin\.m2\repository\org\junit\platform\junit-platform-launcher\1.7.2\junit-platform-launcher-1.7.2.jar;C:\opt\IntelliJ\plugins\junit\lib\junit5-rt.jar;C:\opt\IntelliJ\plugins\junit\lib\junit-rt.jar;C:\SpringProjectsFromGitHub\PDF-Repository\target\test-classes;C:\SpringProjectsFromGitHub\PDF-Repository\target\classes;C:\Users\admin\.m2\repository\org\springframework\boot\spring-boot-starter-data-jpa\2.5.2\spring-boot-starter-data-jpa-2.5.2.jar;C:\Users\admin\.m2\repository\org\springframework\boot\spring-boot-starter-aop\2.5.2\spring-boot-starter-aop-2.5.2.jar;C:\Users\admin\.m2\repository\org\springframework\spring-aop\5.3.8\spring-aop-5.3.8.jar;C:\Users\admin\.m2\repository\org\aspectj\aspectjweaver\1.9.6\aspectjweaver-1.9.6.jar;C:\Users\admin\.m2\repository\org\springframework\boot\spring-boot-starter-jdbc\2.5.2\spring-boot-starter-jdbc-2.5.2.jar;C:\Users\admin\.m2\repository\com\zaxxer\HikariCP\4.0.3\HikariCP-4.0.3.jar;C:\Users\admin\.m2\repository\org\springframework\spring-jdbc\5.3.8\spring-jdbc-5.3.8.jar;C:\Users\admin\.m2\repository\jakarta\transaction\jakarta.transaction-api\1.3.3\jakarta.transaction-api-1.3.3.jar;C:\Users\admin\.m2\repository\jakarta\persistence\jakarta.persistence-api\2.2.3\jakarta.persistence-api-2.2.3.jar;C:\Users\admin\.m2\repository\org\hibernate\hibernate-core\5.4.32.Final\hibernate-core-5.4.32.Final.jar;C:\Users\admin\.m2\repository\org\jboss\logging\jboss-logging\3.4.2.Final\jboss-logging-3.4.2.Final.jar;C:\Users\admin\.m2\repository\org\javassist\javassist\3.27.0-GA\javassist-3.27.0-GA.jar;C:\Users\admin\.m2\repository\net\bytebuddy\byte-buddy\1.10.22\byte-buddy-1.10.22.jar;C:\Users\admin\.m2\repository\antlr\antlr\2.7.7\antlr-2.7.7.jar;C:\Users\admin\.m2\repository\org\jboss\jandex\2.2.3.Final\jandex-2.2.3.Final.jar;C:\Users\admin\.m2\repository\com\fasterxml\classmate\1.5.1\classmate-1.5.1.jar;C:\Users\admin\.m2\repository\org\dom4j\dom4j\2.1.3\dom4j-2.1.3.ja
Launcher Type: SUN_STANDARD

[Global flags]
     intx CICompilerCount                          = 3                                         {product} {ergonomic}
     uint ConcGCThreads                            = 1                                         {product} {ergonomic}
     uint G1ConcRefinementThreads                  = 4                                         {product} {ergonomic}
   size_t G1HeapRegionSize                         = 1048576                                   {product} {ergonomic}
    uintx GCDrainStackTargetSize                   = 64                                        {product} {ergonomic}
   size_t InitialHeapSize                          = 130023424                                 {product} {ergonomic}
   size_t MarkStackSize                            = 4194304                                   {product} {ergonomic}
   size_t MaxHeapSize                              = 2063597568                                {product} {ergonomic}
   size_t MinHeapDeltaBytes                        = 1048576                                   {product} {ergonomic}
    uintx NonNMethodCodeHeapSize                   = 5830092                                {pd product} {ergonomic}
    uintx NonProfiledCodeHeapSize                  = 122914074                              {pd product} {ergonomic}
    uintx ProfiledCodeHeapSize                     = 122914074                              {pd product} {ergonomic}
    uintx ReservedCodeCacheSize                    = 251658240                              {pd product} {ergonomic}
     bool SegmentedCodeCache                       = true                                      {product} {ergonomic}
     bool UseCompressedClassPointers               = true                                 {lp64_product} {ergonomic}
     bool UseCompressedOops                        = true                                 {lp64_product} {ergonomic}
     bool UseG1GC                                  = true                                      {product} {ergonomic}
     bool UseLargePagesIndividualAllocation        = false                                  {pd product} {ergonomic}

Logging:
Log output configuration:
 #0: stdout all=warning uptime,level,tags
 #1: stderr all=off uptime,level,tags

Environment Variables:
JAVA_HOME=C:\opt\jdk-11.0.2
PATH=C:\Windows\system32;C:\Windows;C:\Windows\System32\Wbem;C:\Windows\System32\WindowsPowerShell\v1.0\;C:\Windows\System32\OpenSSH\;C:\Program Files\Microsoft SQL Server\Client SDK\ODBC\170\Tools\Binn\;C:\Program Files (x86)\Microsoft SQL Server\150\Tools\Binn\;C:\Program Files\Microsoft SQL Server\150\Tools\Binn\;C:\Program Files\Microsoft SQL Server\150\DTS\Binn\;C:\opt\Git\cmd;C:\Program Files (x86)\Microsoft SQL Server\150\DTS\Binn\;C:\opt\jdk-11.0.2\bin;C:\opt\IntelliJ\bin;;
USERNAME=admin
OS=Windows_NT
PROCESSOR_IDENTIFIER=Intel64 Family 6 Model 58 Stepping 9, GenuineIntel



---------------  S Y S T E M  ---------------

OS: Windows 10 , 64 bit Build 19041 (10.0.19041.662)

CPU:total 4 (initial active 4) (2 cores per cpu, 2 threads per core) family 6 model 58 stepping 9, cmov, cx8, fxsr, mmx, sse, sse2, sse3, ssse3, sse4.1, sse4.2, popcnt, avx, aes, clmul, erms, ht, tsc, tscinvbit, tscinv

Memory: 4k page, system-wide physical 7869M (315M free)
TotalPageFile size 7869M (AvailPageFile size 92M)
current process WorkingSet (physical memory assigned to process): 10M, peak: 10M
current process commit charge ("private bytes"): 51M, peak: 175M

vm_info: OpenJDK 64-Bit Server VM (11.0.2+9) for windows-amd64 JRE (11.0.2+9), built on Jan 18 2019 05:23:22 by "mach5one" with MS VC++ 15.5 (VS2017)

END.
